#! /usr/local/bin/vvp
:ivl_version "11.0 (devel)" "(s20150603-643-gb43fcccc)";
:ivl_delay_selection "TYPICAL";
:vpi_time_precision + 0;
:vpi_module "system";
:vpi_module "vhdl_sys";
:vpi_module "vhdl_textio";
:vpi_module "v2005_math";
:vpi_module "va_math";
S_0x558b63e573e0 .scope module, "gray" "gray" 2 1;
 .timescale 0 0;
    .port_info 0 /INPUT 4 "x";
    .port_info 1 /OUTPUT 4 "y";
L_0x558b63ea3fa0 .functor NOT 1, L_0x558b63ea4040, C4<0>, C4<0>, C4<0>;
L_0x558b63ea40e0 .functor NOT 1, L_0x558b63ea41b0, C4<0>, C4<0>, C4<0>;
L_0x558b63ea42f0 .functor NOT 1, L_0x558b63ea4360, C4<0>, C4<0>, C4<0>;
L_0x558b63ea4450 .functor NOT 1, L_0x558b63ea4520, C4<0>, C4<0>, C4<0>;
L_0x558b63ea4640 .functor AND 1, L_0x558b63ea46e0, L_0x558b63ea40e0, C4<1>, C4<1>;
L_0x558b63ea47d0 .functor AND 1, L_0x558b63ea3fa0, L_0x558b63ea48d0, C4<1>, C4<1>;
L_0x558b63ea4a00 .functor OR 1, L_0x558b63ea4640, L_0x558b63ea47d0, C4<0>, C4<0>;
L_0x558b63ea4b10 .functor AND 1, L_0x558b63ea4c20, L_0x558b63ea42f0, C4<1>, C4<1>;
L_0x558b63ea4d10 .functor AND 1, L_0x558b63ea40e0, L_0x558b63ea4d80, C4<1>, C4<1>;
L_0x558b63ea4fd0 .functor OR 1, L_0x558b63ea4b10, L_0x558b63ea4d10, C4<0>, C4<0>;
L_0x558b63ea5140 .functor AND 1, L_0x558b63ea51b0, L_0x558b63ea4450, C4<1>, C4<1>;
L_0x558b63ea52a0 .functor AND 1, L_0x558b63ea42f0, L_0x558b63ea5380, C4<1>, C4<1>;
L_0x558b63ea54d0 .functor OR 1, L_0x558b63ea5140, L_0x558b63ea52a0, C4<0>, C4<0>;
v0x558b63e7e330_0 .net *"_s11", 0 0, L_0x558b63ea4520;  1 drivers
v0x558b63e7d440_0 .net *"_s14", 0 0, L_0x558b63ea46e0;  1 drivers
v0x558b63e7c520_0 .net *"_s17", 0 0, L_0x558b63ea48d0;  1 drivers
v0x558b63ea2b00_0 .net *"_s19", 0 0, L_0x558b63ea4a00;  1 drivers
v0x558b63ea2be0_0 .net *"_s2", 0 0, L_0x558b63ea4040;  1 drivers
v0x558b63ea2d10_0 .net *"_s23", 0 0, L_0x558b63ea4c20;  1 drivers
v0x558b63ea2df0_0 .net *"_s26", 0 0, L_0x558b63ea4d80;  1 drivers
v0x558b63ea2ed0_0 .net *"_s28", 0 0, L_0x558b63ea4fd0;  1 drivers
v0x558b63ea2fb0_0 .net *"_s32", 0 0, L_0x558b63ea51b0;  1 drivers
v0x558b63ea3090_0 .net *"_s35", 0 0, L_0x558b63ea5380;  1 drivers
v0x558b63ea3170_0 .net *"_s37", 0 0, L_0x558b63ea54d0;  1 drivers
v0x558b63ea3250_0 .net *"_s43", 0 0, L_0x558b63ea5720;  1 drivers
v0x558b63ea3330_0 .net *"_s5", 0 0, L_0x558b63ea41b0;  1 drivers
v0x558b63ea3410_0 .net *"_s8", 0 0, L_0x558b63ea4360;  1 drivers
v0x558b63ea34f0_0 .net "conet_11", 0 0, L_0x558b63ea4640;  1 drivers
v0x558b63ea35b0_0 .net "conet_12", 0 0, L_0x558b63ea47d0;  1 drivers
v0x558b63ea3670_0 .net "conet_21", 0 0, L_0x558b63ea4b10;  1 drivers
v0x558b63ea3840_0 .net "conet_22", 0 0, L_0x558b63ea4d10;  1 drivers
v0x558b63ea3900_0 .net "conet_31", 0 0, L_0x558b63ea5140;  1 drivers
v0x558b63ea39c0_0 .net "conet_32", 0 0, L_0x558b63ea52a0;  1 drivers
v0x558b63ea3a80_0 .net "not_1", 0 0, L_0x558b63ea3fa0;  1 drivers
v0x558b63ea3b40_0 .net "not_2", 0 0, L_0x558b63ea40e0;  1 drivers
v0x558b63ea3c00_0 .net "not_3", 0 0, L_0x558b63ea42f0;  1 drivers
v0x558b63ea3cc0_0 .net "not_4", 0 0, L_0x558b63ea4450;  1 drivers
o0x7f9671007498 .functor BUFZ 4, C4<zzzz>; HiZ drive
v0x558b63ea3d80_0 .net "x", 3 0, o0x7f9671007498;  0 drivers
v0x558b63ea3e60_0 .net "y", 3 0, L_0x558b63ea5590;  1 drivers
L_0x558b63ea4040 .part o0x7f9671007498, 0, 1;
L_0x558b63ea41b0 .part o0x7f9671007498, 1, 1;
L_0x558b63ea4360 .part o0x7f9671007498, 2, 1;
L_0x558b63ea4520 .part o0x7f9671007498, 3, 1;
L_0x558b63ea46e0 .part o0x7f9671007498, 0, 1;
L_0x558b63ea48d0 .part o0x7f9671007498, 1, 1;
L_0x558b63ea4c20 .part o0x7f9671007498, 1, 1;
L_0x558b63ea4d80 .part o0x7f9671007498, 2, 1;
L_0x558b63ea51b0 .part o0x7f9671007498, 2, 1;
L_0x558b63ea5380 .part o0x7f9671007498, 3, 1;
L_0x558b63ea5590 .concat8 [ 1 1 1 1], L_0x558b63ea4a00, L_0x558b63ea4fd0, L_0x558b63ea54d0, L_0x558b63ea5720;
L_0x558b63ea5720 .part o0x7f9671007498, 3, 1;
# The file index is used to find the file name in the following table.
:file_names 3;
    "N/A";
    "<interactive>";
    "Gray.v";
